Start testing: May 07 19:36 MSK
----------------------------------------------------------
1/1 Testing: check
1/1 Test: check
Command: "/home/puchkovki/Documents/Github/puchkovki/workspace/projects/supertask/_build/check"
Directory: /home/puchkovki/Documents/Github/puchkovki/workspace/projects/supertask/_build
"check" start time: May 07 19:36 MSK
Output:
----------------------------------------------------------
Running main() from /home/puchkovki/.hunter/_Base/5659b15/810fbc6/8a1641b/Build/GTest/Source/googletest/src/gtest_main.cc
[==========] Running 1 test from 1 test suite.
[----------] Global test environment set-up.
[----------] 1 test from SORT
[ RUN      ] SORT.INT
[       OK ] SORT.INT (0 ms)
[----------] 1 test from SORT (0 ms total)

[----------] Global test environment tear-down
[==========] 1 test from 1 test suite ran. (0 ms total)
[  PASSED  ] 1 test.
<end of output>
Test time =   0.01 sec
----------------------------------------------------------
Test Passed.
"check" end time: May 07 19:36 MSK
"check" time elapsed: 00:00:00
----------------------------------------------------------

End testing: May 07 19:36 MSK
